#
# An unexpected error has been detected by Java Runtime Environment:
#
#  EXCEPTION_ACCESS_VIOLATION (0xc0000005) at pc=0x0000000002e47250, pid=6084, tid=5820
#
# Java VM: Java HotSpot(TM) 64-Bit Server VM (1.6.0-b105 mixed mode)
# Problematic frame:
# C  [libmwgui.dll+0x77250]
#
# If you would like to submit a bug report, please visit:
#   http://java.sun.com/webapps/bugreport/crash.jsp
#

---------------  T H R E A D  ---------------

Current thread (0x0000000003d2fc00):  JavaThread "main" [_thread_in_native, id=5820]

siginfo: ExceptionCode=0xc0000005, reading address 0x0000000000000000

Registers:
EAX=0x0000000000000000, EBX=0x0000000000000000, ECX=0x0000000000000000, EDX=0x0000000000000000
ESP=0x00000000010296f8, EBP=0x0000000000000001, ESI=0x0000000000000000, EDI=0x0000000000000000
EIP=0x0000000002e47250, EFLAGS=0x0000000000010206

Top of Stack: (sp=0x00000000010296f8)
0x00000000010296f8:   0000000002fb728f 4010002000000000
0x0000000001029708:   0000000000000000 0000000035937370
0x0000000001029718:   0000000002e596dd 0000000008a3cf00
0x0000000001029728:   0000000002f7fb49 4010000000000000
0x0000000001029738:   4008000000000000 0000000000000000
0x0000000001029748:   0000000000000000 0000000008a3cf60
0x0000000001029758:   0000000002fb72be 0000000008a3cf00
0x0000000001029768:   0000000000000001 4010000000000000
0x0000000001029778:   0000000000000000 0000000000000000
0x0000000001029788:   0000000002f8d1de 0000000000000000
0x0000000001029798:   0000000008a3cf60 0000000000000001
0x00000000010297a8:   000000001176d320 0000000009e522a0
0x00000000010297b8:   000000000319bd9e 0000000008a3cf60
0x00000000010297c8:   0000000000000020 0000000000000002
0x00000000010297d8:   00000000013b7338 0000000008a3cf50
0x00000000010297e8:   00000000359f17a0 000000003c19ca80 

Instructions: (pc=0x0000000002e47250)
0x0000000002e47240:   89 11 c3 cc cc cc cc cc cc cc cc cc cc cc cc cc
0x0000000002e47250:   8b 01 c3 cc cc cc cc cc cc cc cc cc cc cc cc cc 


Stack: [0x0000000000030000,0x0000000001030000),  sp=0x00000000010296f8,  free space=16357k
Native frames: (J=compiled Java code, j=interpreted, Vv=VM code, C=native code)
C  [libmwgui.dll+0x77250]

Java frames: (J=compiled Java code, j=interpreted, Vv=VM code)
j  com.mathworks.jmi.NativeMatlab.SendMatlabMessage(Ljava/lang/Object;)Ljava/lang/Object;+0
j  com.mathworks.jmi.NativeMatlab.sendMatlabMessage(Ljava/lang/Object;)Ljava/lang/Object;+22
j  com.mathworks.jmi.MatlabLooper.sendMatlabMessage(Lcom/mathworks/services/message/MWMessage;)Ljava/lang/Object;+20
j  com.mathworks.jmi.Matlab.mtFevalConsoleOutput(Ljava/lang/String;[Ljava/lang/Object;I)Ljava/lang/Object;+58
j  com.mathworks.mde.desk.MLDesktop$5.run()V+14
j  com.mathworks.jmi.NativeMatlab.dispatchMTRequests(Z)V+50
v  ~StubRoutines::call_stub

---------------  P R O C E S S  ---------------

Java Threads: ( => current thread )
  0x0000000011b68400 JavaThread "Thread-168" [_thread_blocked, id=3544]
  0x0000000011b68c00 JavaThread "Prefs Updater" [_thread_blocked, id=6864]
  0x0000000011b67000 JavaThread "Thread-8" [_thread_blocked, id=6900]
  0x0000000011b66800 JavaThread "Thread-7" [_thread_blocked, id=6792]
  0x0000000011b66000 JavaThread "Thread-6" [_thread_blocked, id=868]
  0x0000000011b65800 JavaThread "Thread-5" [_thread_blocked, id=6628]
  0x0000000030e0a000 JavaThread "Active Reference Queue Daemon" daemon [_thread_blocked, id=1428]
  0x0000000011b97800 JavaThread "Timer-2" daemon [_thread_blocked, id=3276]
  0x0000000030ded400 JavaThread "Timer-1" daemon [_thread_blocked, id=6912]
  0x0000000011a81000 JavaThread "TimerQueue" daemon [_thread_blocked, id=5220]
  0x00000000117fd400 JavaThread "AWT-EventQueue-0" [_thread_blocked, id=120]
  0x00000000114dec00 JavaThread "AWT-Windows" daemon [_thread_in_native, id=3212]
  0x00000000114de400 JavaThread "AWT-Shutdown" [_thread_blocked, id=6512]
  0x00000000114ddc00 JavaThread "Java2D Disposer" daemon [_thread_blocked, id=4896]
  0x0000000011244c00 JavaThread "Timer-0" [_thread_blocked, id=3172]
  0x000000000fb42400 JavaThread "Low Memory Detector" daemon [_thread_blocked, id=2312]
  0x000000000fb40000 JavaThread "CompilerThread1" daemon [_thread_blocked, id=3556]
  0x000000000fb3b800 JavaThread "CompilerThread0" daemon [_thread_blocked, id=2260]
  0x000000000fb37400 JavaThread "Attach Listener" daemon [_thread_blocked, id=6760]
  0x000000000fb1f400 JavaThread "Finalizer" daemon [_thread_blocked, id=5488]
  0x000000000fb19800 JavaThread "Reference Handler" daemon [_thread_blocked, id=6300]
=>0x0000000003d2fc00 JavaThread "main" [_thread_in_native, id=5820]

Other Threads:
  0x000000000fb16000 VMThread [id=7068]
  0x000000000fb47800 WatcherThread [id=4288]

VM state:not at safepoint (normal execution)

VM Mutex/Monitor currently owned by a thread: None

Heap
 PSYoungGen      total 7104K, used 6681K [0x00000000265a0000, 0x0000000026d80000, 0x00000000296a0000)
  eden space 6400K, 97% used [0x00000000265a0000,0x0000000026bb6710,0x0000000026be0000)
  from space 704K, 63% used [0x0000000026cd0000,0x0000000026d40000,0x0000000026d80000)
  to   space 832K, 0% used [0x0000000026be0000,0x0000000026be0000,0x0000000026cb0000)
 PSOldGen        total 47616K, used 41927K [0x000000001d2a0000, 0x0000000020120000, 0x00000000265a0000)
  object space 47616K, 88% used [0x000000001d2a0000,0x000000001fb91f18,0x0000000020120000)
 PSPermGen       total 80384K, used 43275K [0x00000000152a0000, 0x000000001a120000, 0x000000001d2a0000)
  object space 80384K, 53% used [0x00000000152a0000,0x0000000017ce2c78,0x000000001a120000)

Dynamic libraries:
0x0000000140000000 - 0x0000000140138000 	C:\Program Files\MATLAB\R2008a\bin\win64\MATLAB.exe
0x0000000077420000 - 0x00000000775c9000 	C:\Windows\SYSTEM32\ntdll.dll
0x0000000077300000 - 0x000000007741f000 	C:\Windows\system32\kernel32.dll
0x000007fefd440000 - 0x000007fefd4ab000 	C:\Windows\system32\KERNELBASE.dll
0x0000000180000000 - 0x0000000180401000 	C:\Program Files\MATLAB\R2008a\bin\win64\libut.dll
0x000007fefee00000 - 0x000007fefee17000 	C:\Windows\system32\imagehlp.dll
0x000007fefd7c0000 - 0x000007fefd85f000 	C:\Windows\system32\msvcrt.dll
0x00000000775f0000 - 0x00000000775f7000 	C:\Windows\system32\PSAPI.DLL
0x00000000011e0000 - 0x0000000001208000 	C:\Program Files\MATLAB\R2008a\bin\win64\LIBEXPAT.dll
0x0000000073a30000 - 0x0000000073af9000 	C:\Windows\WinSxS\amd64_microsoft.vc80.crt_1fc8b3b9a1e18e3b_8.0.50727.5592_none_88e45feb2faab9ce\MSVCR80.dll
0x000000004a800000 - 0x000000004a917000 	C:\Program Files\MATLAB\R2008a\bin\win64\icuuc36.dll
0x000007fefea70000 - 0x000007fefeb4b000 	C:\Windows\system32\ADVAPI32.dll
0x000007feff180000 - 0x000007feff19f000 	C:\Windows\SYSTEM32\sechost.dll
0x000007feff2d0000 - 0x000007feff3fd000 	C:\Windows\system32\RPCRT4.dll
0x0000000001220000 - 0x0000000001223000 	C:\Program Files\MATLAB\R2008a\bin\win64\icudt36.dll
0x000000004ab00000 - 0x000000004ab0f000 	C:\Program Files\MATLAB\R2008a\bin\win64\icuio36.dll
0x0000000001250000 - 0x0000000001356000 	C:\Program Files\MATLAB\R2008a\bin\win64\icuin36.dll
0x0000000072330000 - 0x0000000072439000 	C:\Windows\WinSxS\amd64_microsoft.vc80.crt_1fc8b3b9a1e18e3b_8.0.50727.5592_none_88e45feb2faab9ce\MSVCP80.dll
0x0000000077200000 - 0x00000000772fa000 	C:\Windows\system32\USER32.dll
0x000007fefd750000 - 0x000007fefd7b7000 	C:\Windows\system32\GDI32.dll
0x000007fefea60000 - 0x000007fefea6e000 	C:\Windows\system32\LPK.dll
0x000007feff030000 - 0x000007feff0f9000 	C:\Windows\system32\USP10.dll
0x0000000001370000 - 0x00000000014e4000 	C:\Program Files\MATLAB\R2008a\bin\win64\libmwservices.dll
0x0000000001500000 - 0x0000000001570000 	C:\Program Files\MATLAB\R2008a\bin\win64\libmx.dll
0x0000000001580000 - 0x0000000001597000 	C:\Program Files\MATLAB\R2008a\bin\win64\zlib1.dll
0x00000000015a0000 - 0x0000000001648000 	C:\Program Files\MATLAB\R2008a\bin\win64\libmwmathutil.dll
0x0000000001660000 - 0x00000000016b5000 	C:\Program Files\MATLAB\R2008a\bin\win64\mpath.dll
0x00000000016d0000 - 0x00000000016f1000 	C:\Program Files\MATLAB\R2008a\bin\win64\mlutil.dll
0x000007fef9870000 - 0x000007fef9910000 	C:\Windows\WinSxS\amd64_microsoft.windows.common-controls_6595b64144ccf1df_5.82.7601.17514_none_a4d6a923711520a9\COMCTL32.dll
0x000007fefec90000 - 0x000007fefed27000 	C:\Windows\system32\comdlg32.dll
0x000007fefed80000 - 0x000007fefedf1000 	C:\Windows\system32\SHLWAPI.dll
0x000007fefd970000 - 0x000007fefe6f8000 	C:\Windows\system32\SHELL32.dll
0x000007fefc840000 - 0x000007fefc856000 	C:\Windows\system32\NETAPI32.dll
0x000007fefc830000 - 0x000007fefc83c000 	C:\Windows\system32\netutils.dll
0x000007fefcee0000 - 0x000007fefcf03000 	C:\Windows\system32\srvcli.dll
0x000007fefc810000 - 0x000007fefc825000 	C:\Windows\system32\wkscli.dll
0x000007fefed30000 - 0x000007fefed7d000 	C:\Windows\system32\WS2_32.dll
0x000007fefd740000 - 0x000007fefd748000 	C:\Windows\system32\NSI.dll
0x0000000001710000 - 0x0000000001765000 	C:\Program Files\MATLAB\R2008a\bin\win64\mcr.dll
0x0000000001780000 - 0x00000000017a5000 	C:\Program Files\MATLAB\R2008a\bin\win64\iqm.dll
0x00000000017c0000 - 0x00000000017e1000 	C:\Program Files\MATLAB\R2008a\bin\win64\bridge.dll
0x0000000001800000 - 0x0000000001811000 	C:\Program Files\MATLAB\R2008a\bin\win64\libmex.dll
0x0000000001830000 - 0x00000000018bc000 	C:\Program Files\MATLAB\R2008a\bin\win64\m_dispatcher.dll
0x00000000018d0000 - 0x00000000018f5000 	C:\Program Files\MATLAB\R2008a\bin\win64\datasvcs.dll
0x0000000012000000 - 0x0000000012295000 	C:\Program Files\MATLAB\R2008a\bin\win64\xerces-c_2_7.dll
0x0000000001920000 - 0x00000000021b1000 	C:\Program Files\MATLAB\R2008a\bin\win64\m_interpreter.dll
0x00000000021d0000 - 0x0000000002201000 	C:\Program Files\MATLAB\R2008a\bin\win64\libmat.dll
0x0000000002220000 - 0x0000000002325000 	C:\Program Files\MATLAB\R2008a\bin\win64\libhdf5.dll
0x0000000002330000 - 0x000000000239f000 	C:\Program Files\MATLAB\R2008a\bin\win64\profiler.dll
0x00000000023b0000 - 0x00000000023ba000 	C:\Program Files\MATLAB\R2008a\bin\win64\libmwmathrng.dll
0x00000000023d0000 - 0x00000000023ea000 	C:\Program Files\MATLAB\R2008a\bin\win64\m_pcodeio.dll
0x0000000002400000 - 0x000000000244a000 	C:\Program Files\MATLAB\R2008a\bin\win64\m_ir.dll
0x0000000002460000 - 0x0000000002a1b000 	C:\Program Files\MATLAB\R2008a\bin\win64\m_parser.dll
0x0000000002a30000 - 0x0000000002a42000 	C:\Program Files\MATLAB\R2008a\bin\win64\ir_xfmr.dll
0x0000000002a60000 - 0x0000000002c7b000 	C:\Program Files\MATLAB\R2008a\bin\win64\mcos.dll
0x0000000002c90000 - 0x0000000002c9c000 	C:\Program Files\MATLAB\R2008a\bin\win64\mtok.dll
0x0000000002cb0000 - 0x0000000002cd0000 	C:\Program Files\MATLAB\R2008a\bin\win64\m_pcodegen.dll
0x000007fef4b20000 - 0x000007fef4c45000 	C:\Windows\system32\dbghelp.dll
0x0000000002ce0000 - 0x0000000002cf0000 	C:\Program Files\MATLAB\R2008a\bin\win64\boost_thread-vc80-mt-1_34_1.dll
0x0000000002d00000 - 0x0000000002dc0000 	C:\Program Files\MATLAB\R2008a\bin\win64\udd.dll
0x0000000002dd0000 - 0x0000000002f12000 	C:\Program Files\MATLAB\R2008a\bin\win64\libmwgui.dll
0x0000000002f30000 - 0x000000000316a000 	C:\Program Files\MATLAB\R2008a\bin\win64\hg.dll
0x0000000003180000 - 0x00000000031d6000 	C:\Program Files\MATLAB\R2008a\bin\win64\jmi.dll
0x00000000031f0000 - 0x000000000322e000 	C:\Program Files\MATLAB\R2008a\bin\win64\libmwhardcopy.dll
0x0000000003240000 - 0x000000000329c000 	C:\Program Files\MATLAB\R2008a\bin\win64\libuij.dll
0x00000000032b0000 - 0x000000000353c000 	C:\Program Files\MATLAB\R2008a\bin\win64\numerics.dll
0x0000000003550000 - 0x000000000355c000 	C:\Program Files\MATLAB\R2008a\bin\win64\libmwblas.dll
0x0000000003570000 - 0x000000000357f000 	C:\Program Files\MATLAB\R2008a\bin\win64\libmwbinder.dll
0x0000000003590000 - 0x00000000035b4000 	C:\Program Files\MATLAB\R2008a\bin\win64\libmwlapack.dll
0x00000000035d0000 - 0x00000000035db000 	C:\Program Files\MATLAB\R2008a\bin\win64\libmwfftw.dll
0x00000000035f0000 - 0x0000000003625000 	C:\Program Files\MATLAB\R2008a\bin\win64\libmwrookfastbp.dll
0x0000000003640000 - 0x000000000366e000 	C:\Program Files\MATLAB\R2008a\bin\win64\libmwma57.dll
0x0000000010000000 - 0x00000000100d3000 	C:\Program Files\MATLAB\R2008a\bin\win64\libifcoremd.dll
0x0000000003680000 - 0x000000000389d000 	C:\Program Files\MATLAB\R2008a\bin\win64\libmmd.dll
0x00000000038a0000 - 0x00000000038a9000 	C:\Program Files\MATLAB\R2008a\bin\win64\libmwcsparse.dll
0x00000000038c0000 - 0x000000000398a000 	C:\Program Files\MATLAB\R2008a\bin\win64\libmwumfpack.dll
0x00000000039a0000 - 0x00000000039ad000 	C:\Program Files\MATLAB\R2008a\bin\win64\libmwamd.dll
0x00000000039c0000 - 0x0000000003a52000 	C:\Program Files\MATLAB\R2008a\bin\win64\libmwcholmod.dll
0x0000000003a70000 - 0x0000000003a7c000 	C:\Program Files\MATLAB\R2008a\bin\win64\libmwcolamd.dll
0x0000000003a90000 - 0x0000000003b49000 	C:\Program Files\MATLAB\R2008a\bin\win64\uiw.dll
0x0000000003b60000 - 0x0000000003b6a000 	C:\Program Files\MATLAB\R2008a\bin\win64\uinone.dll
0x0000000068a70000 - 0x0000000068c0c000 	C:\Windows\WinSxS\amd64_microsoft.vc80.mfc_1fc8b3b9a1e18e3b_8.0.50727.5592_none_8448f49f328da8c3\MFC80.DLL
0x000007fefb690000 - 0x000007fefb701000 	C:\Windows\system32\WINSPOOL.DRV
0x000007fefee20000 - 0x000007feff023000 	C:\Windows\system32\ole32.dll
0x000007fefebb0000 - 0x000007fefec87000 	C:\Windows\system32\OLEAUT32.dll
0x0000000003b80000 - 0x0000000003c10000 	C:\Program Files\MATLAB\R2008a\bin\win64\udd_mi.dll
0x0000000003c20000 - 0x0000000003c38000 	C:\Program Files\MATLAB\R2008a\bin\win64\mwoles05.DLL
0x0000000003c50000 - 0x0000000003cb9000 	C:\Program Files\MATLAB\R2008a\bin\win64\comcli.dll
0x0000000072310000 - 0x0000000072330000 	C:\Windows\WinSxS\amd64_microsoft.vc80.atl_1fc8b3b9a1e18e3b_8.0.50727.5592_none_8a1e1b372ed7b012\ATL80.DLL
0x0000000003cd0000 - 0x0000000003cde000 	C:\Program Files\MATLAB\R2008a\bin\win64\mlautoregister.dll
0x000007feff4a0000 - 0x000007feff4ce000 	C:\Windows\system32\IMM32.DLL
0x000007fefd860000 - 0x000007fefd969000 	C:\Windows\system32\MSCTF.dll
0x000000006fa00000 - 0x000000006fa3f000 	C:\PROGRA~2\Sophos\SOPHOS~1\SOPHOS~2.DLL
0x00000000076c0000 - 0x000000000808e000 	C:\Program Files\MATLAB\R2008a\bin\win64\mkl.dll
0x00000000068d0000 - 0x000000000691b000 	C:\Program Files\MATLAB\R2008a\bin\win64\libguide40.dll
0x0000000003e70000 - 0x0000000003e78000 	C:\Program Files\MATLAB\R2008a\bin\win64\mklcompat.dll
0x0000000008090000 - 0x0000000008637000 	C:\Program Files\MATLAB\R2008a\bin\win64\mllapack.dll
0x00000000070b0000 - 0x00000000071a4000 	C:\Program Files\MATLAB\R2008a\bin\win64\libfftw3i.dll
0x0000000007260000 - 0x000000000734e000 	C:\Program Files\MATLAB\R2008a\bin\win64\libfftw3f.dll
0x000007fefd370000 - 0x000007fefd37f000 	C:\Windows\system32\profapi.dll
0x000007fefd240000 - 0x000007fefd24f000 	C:\Windows\system32\CRYPTBASE.dll
0x000007fefbe90000 - 0x000007fefc084000 	C:\Windows\WinSxS\amd64_microsoft.windows.common-controls_6595b64144ccf1df_6.0.7601.17514_none_fa396087175ac9ac\comctl32.dll
0x000007fefe700000 - 0x000007fefe8d7000 	C:\Windows\system32\SETUPAPI.dll
0x000007fefd4b0000 - 0x000007fefd4e6000 	C:\Windows\system32\CFGMGR32.dll
0x000007fefd420000 - 0x000007fefd43a000 	C:\Windows\system32\DEVOBJ.dll
0x000007feff400000 - 0x000007feff499000 	C:\Windows\system32\CLBCatQ.DLL
0x000007fefb8f0000 - 0x000007fefba1c000 	C:\Windows\system32\propsys.dll
0x000007fefaea0000 - 0x000007fefaecd000 	C:\Windows\system32\ntmarta.dll
0x000007fefeb50000 - 0x000007fefeba2000 	C:\Windows\system32\WLDAP32.dll
0x000007fefa500000 - 0x000007fefa527000 	C:\Windows\system32\iphlpapi.dll
0x000007fefa4f0000 - 0x000007fefa4fb000 	C:\Windows\system32\WINNSI.DLL
0x000007fefca60000 - 0x000007fefcabb000 	C:\Windows\system32\DNSAPI.dll
0x000007fefa0b0000 - 0x000007fefa0c8000 	C:\Windows\system32\dhcpcsvc.DLL
0x000007fefa0d0000 - 0x000007fefa0e1000 	C:\Windows\system32\dhcpcsvc6.DLL
0x000007fefd210000 - 0x000007fefd235000 	C:\Windows\system32\SspiCli.dll
0x0000000074aa0000 - 0x0000000074aa3000 	C:\Windows\system32\icmp.Dll
0x000000000edf0000 - 0x000000000f341000 	C:\Program Files\MATLAB\R2008a\sys\java\jre\win64\jre1.6.0\bin\server\jvm.dll
0x000007fefaed0000 - 0x000007fefaf0b000 	C:\Windows\system32\WINMM.dll
0x0000000007450000 - 0x00000000074b5000 	C:\Program Files\WIDCOMM\Bluetooth Software\btmmhook.dll
0x0000000007230000 - 0x000000000723a000 	C:\Program Files\MATLAB\R2008a\sys\java\jre\win64\jre1.6.0\bin\hpi.dll
0x0000000008740000 - 0x000000000874e000 	C:\Program Files\MATLAB\R2008a\sys\java\jre\win64\jre1.6.0\bin\verify.dll
0x0000000008750000 - 0x0000000008777000 	C:\Program Files\MATLAB\R2008a\sys\java\jre\win64\jre1.6.0\bin\java.dll
0x0000000008780000 - 0x0000000008792000 	C:\Program Files\MATLAB\R2008a\sys\java\jre\win64\jre1.6.0\bin\zip.dll
0x00000000087a0000 - 0x00000000087b6000 	C:\Program Files\MATLAB\R2008a\bin\win64\nativejava.dll
0x00000000088a0000 - 0x00000000088b6000 	C:\Program Files\MATLAB\R2008a\bin\win64\nativejmi.dll
0x000000000f850000 - 0x000000000f857000 	C:\Program Files\MATLAB\R2008a\bin\win64\nativeservices.dll
0x0000000011ce0000 - 0x0000000011f30000 	C:\Program Files\MATLAB\R2008a\sys\java\jre\win64\jre1.6.0\bin\awt.dll
0x00000000306a0000 - 0x0000000030709000 	C:\Program Files\MATLAB\R2008a\sys\java\jre\win64\jre1.6.0\bin\fontmanager.dll

VM Arguments:
jvm_args: -Xss512k -XX:PermSize=32M -Xms64m -XX:NewRatio=3 -XX:MaxPermSize=128M -Xmx196m -XX:MaxDirectMemorySize=2147400000 -Dsun.java2d.noddraw=true -Dsun.awt.nopixfmt=true -Xshare:off -Xrs -Djava.library.path=C:\Program Files\MATLAB\R2008a\bin\win64 vfprintf abort
java_command: <unknown>
Launcher Type: generic

Environment Variables:
CLASSPATH=.;C:\Program Files (x86)\Java\jre6\lib\ext\QTJava.zip
PATH=C:\Program Files (x86)\Nokia\PC Connectivity Solution\;C:\Windows\system32;C:\Windows;C:\Windows\System32\Wbem;C:\Windows\System32\WindowsPowerShell\v1.0\;C:\Program Files\Intel\WiFi\bin\;C:\Program Files\Common Files\Intel\WirelessCommon\;C:\Program Files\Intel\DMIX;C:\Program Files (x86)\NTRU Cryptosystems\NTRU TCG Software Stack\bin\;C:\Program Files\NTRU Cryptosystems\NTRU TCG Software Stack\bin\;C:\Program Files\Wave Systems Corp\Gemalto\Access Client\v5\;c:\Program Files\WIDCOMM\Bluetooth Software\;c:\Program Files\WIDCOMM\Bluetooth Software\syswow64;C:\Program Files (x86)\Common Files\Roxio Shared\DLLShared\;C:\Program Files (x86)\Common Files\Roxio Shared\10.0\DLLShared\;C:\Program Files (x86)\Common Files\Adobe\AGL;C:\Program Files\MATLAB\R2010b\bin;C:\Program Files\MATLAB\R2010a\bin;C:\Program Files\MATLAB\R2008a\bin;C:\Program Files\MATLAB\R2008a\bin\win64;C:\Program Files (x86)\QuickTime\QTSystem\;C:\Program Files\Microsoft Windows Performance Toolkit\
USERNAME=rmeddis
OS=Windows_NT
PROCESSOR_IDENTIFIER=Intel64 Family 6 Model 37 Stepping 2, GenuineIntel



---------------  S Y S T E M  ---------------

OS: Windows NT 6.1 Build 7601 Service Pack 1

CPU:total 4 em64t ht

Memory: 4k page, physical 8181592k(6037968k free), swap 16361336k(14041736k free)

vm_info: Java HotSpot(TM) 64-Bit Server VM (1.6.0-b105) for windows-amd64, built on Nov 29 2006 00:38:01 by "java_re" with unknown MS VC++:1400

